============================= test session starts ==============================
platform darwin -- Python 3.11.7, pytest-8.4.2, pluggy-1.6.0 -- /Users/raghuram/PycharmProjects/BhojanGo/BhojanGo/services/user-svc/.venv/bin/python
cachedir: .pytest_cache
rootdir: /Users/raghuram/PycharmProjects/BhojanGo/BhojanGo
plugins: asyncio-0.23.8, cov-5.0.0, Faker-25.9.2, anyio-4.13.0
asyncio: mode=Mode.AUTO
collecting ... collected 57 items

tests/backend/test_batch_engine.py::TestBatchEngineHealth::test_health_check SKIPPED [  1%]
tests/backend/test_batch_engine.py::TestBatchListing::test_list_pending_batches_admin SKIPPED [  3%]
tests/backend/test_batch_engine.py::TestBatchListing::test_list_pending_batches_customer SKIPPED [  5%]
tests/backend/test_batch_engine.py::TestBatchDetails::test_get_batch_by_id SKIPPED [  7%]
tests/backend/test_batch_engine.py::TestBatchPool::test_add_to_pool_admin SKIPPED [  8%]
tests/backend/test_batch_engine.py::TestBatchPool::test_add_to_pool_customer SKIPPED [ 10%]
tests/backend/test_batch_engine.py::TestBatchEngineCycle::test_trigger_cycle_admin SKIPPED [ 12%]
tests/backend/test_delivery_svc.py::TestDeliveryServiceHealth::test_health_check PASSED [ 14%]
tests/backend/test_delivery_svc.py::TestDriverLocation::test_update_driver_location SKIPPED [ 15%]
tests/backend/test_delivery_svc.py::TestDriverLocation::test_update_driver_location_as_customer SKIPPED [ 17%]
tests/backend/test_delivery_svc.py::TestDriverActiveOrder::test_get_driver_active_order SKIPPED [ 19%]
tests/backend/test_delivery_svc.py::TestDeliveryETA::test_get_order_eta SKIPPED [ 21%]
tests/backend/test_delivery_svc.py::TestDeliveryAssign::test_assign_driver_admin SKIPPED [ 22%]
tests/backend/test_delivery_svc.py::TestDeliveryAssign::test_assign_driver_customer SKIPPED [ 24%]
tests/backend/test_notification_svc.py::TestNotificationServiceHealth::test_health_check PASSED [ 26%]
tests/backend/test_notification_svc.py::TestNotificationListing::test_get_notifications_authenticated SKIPPED [ 28%]
tests/backend/test_notification_svc.py::TestNotificationListing::test_get_notifications_unauthenticated PASSED [ 29%]
tests/backend/test_notification_svc.py::TestNotificationListing::test_get_notifications_pagination SKIPPED [ 31%]
tests/backend/test_notification_svc.py::TestDeviceTokenRegistration::test_register_device_token SKIPPED [ 33%]
tests/backend/test_notification_svc.py::TestDeviceTokenRegistration::test_register_device_token_ios SKIPPED [ 35%]
tests/backend/test_notification_svc.py::TestMarkNotificationRead::test_mark_notification_read SKIPPED [ 36%]
tests/backend/test_order_svc.py::TestOrderServiceHealth::test_health_check PASSED [ 38%]
tests/backend/test_order_svc.py::TestOrderListing::test_list_orders_authenticated SKIPPED [ 40%]
tests/backend/test_order_svc.py::TestOrderListing::test_list_orders_unauthenticated PASSED [ 42%]
tests/backend/test_order_svc.py::TestOrderCreation::test_create_order_with_customer_token SKIPPED [ 43%]
tests/backend/test_order_svc.py::TestOrderDetails::test_get_order_by_id_authenticated SKIPPED [ 45%]
tests/backend/test_order_svc.py::TestOrderDetails::test_get_order_invalid_id SKIPPED [ 47%]
tests/backend/test_order_svc.py::TestOrderDetails::test_get_order_breakdown SKIPPED [ 49%]
tests/backend/test_order_svc.py::TestOrderStatus::test_get_order_timeline SKIPPED [ 50%]
tests/backend/test_payment_svc.py::TestPaymentServiceHealth::test_health_check PASSED [ 52%]
tests/backend/test_payment_svc.py::TestWalletBalance::test_get_wallet_balance_authenticated SKIPPED [ 54%]
tests/backend/test_payment_svc.py::TestWalletBalance::test_get_wallet_balance_unauthenticated PASSED [ 56%]
tests/backend/test_payment_svc.py::TestWalletTransactions::test_get_wallet_transactions_authenticated SKIPPED [ 57%]
tests/backend/test_payment_svc.py::TestWalletTopup::test_topup_wallet_authenticated SKIPPED [ 59%]
tests/backend/test_payment_svc.py::TestPaymentIntiate::test_initiate_payment SKIPPED [ 61%]
tests/backend/test_payment_svc.py::TestGetPayment::test_get_payment_not_found SKIPPED [ 63%]
tests/backend/test_restaurant_svc.py::TestRestaurantServiceHealth::test_health_check PASSED [ 64%]
tests/backend/test_restaurant_svc.py::TestRestaurantListing::test_list_restaurants PASSED [ 66%]
tests/backend/test_restaurant_svc.py::TestRestaurantListing::test_list_restaurants_pagination PASSED [ 68%]
tests/backend/test_restaurant_svc.py::TestRestaurantListing::test_list_restaurants_with_filters PASSED [ 70%]
tests/backend/test_restaurant_svc.py::TestRestaurantListing::test_get_restaurant_by_id PASSED [ 71%]
tests/backend/test_restaurant_svc.py::TestRestaurantListing::test_get_restaurant_invalid_id PASSED [ 73%]
tests/backend/test_restaurant_svc.py::TestRestaurantListing::test_get_restaurant_menu PASSED [ 75%]
tests/backend/test_restaurant_svc.py::TestRestaurantSearch::test_search_restaurants PASSED [ 77%]
tests/backend/test_restaurant_svc.py::TestRestaurantCreation::test_create_restaurant_unauthenticated PASSED [ 78%]
tests/backend/test_restaurant_svc.py::TestRestaurantCreation::test_create_restaurant_as_owner SKIPPED [ 80%]
tests/backend/test_user_svc.py::TestUserServiceHealth::test_health_check PASSED [ 82%]
tests/backend/test_user_svc.py::TestAuthLogin::test_login_customer PASSED [ 84%]
tests/backend/test_user_svc.py::TestAuthLogin::test_login_owner PASSED   [ 85%]
tests/backend/test_user_svc.py::TestAuthLogin::test_login_driver PASSED  [ 87%]
tests/backend/test_user_svc.py::TestAuthLogin::test_login_admin PASSED   [ 89%]
tests/backend/test_user_svc.py::TestAuthLogin::test_login_super_admin PASSED [ 91%]
tests/backend/test_user_svc.py::TestAuthLogin::test_login_wrong_password PASSED [ 92%]
tests/backend/test_user_svc.py::TestAuthLogin::test_login_nonexistent_user PASSED [ 94%]
tests/backend/test_user_svc.py::TestAuthRefresh::test_refresh_token SKIPPED [ 96%]
tests/backend/test_user_svc.py::TestUserProfile::test_get_me_authenticated SKIPPED [ 98%]
tests/backend/test_user_svc.py::TestUserProfile::test_get_me_unauthenticated PASSED [100%]

======================== 25 passed, 32 skipped in 6.87s ========================
